15/03/2024 10:07:13 /users.GET took 175ms. UserId: 0
15/03/2024 10:09:42 /users.GET took 177ms. UserId: 0
15/03/2024 10:09:46 /ToDo.GET took 4ms. UserId: 0
15/03/2024 10:09:56 /users.GET took 1ms. UserId: 0
15/03/2024 10:09:56 /ToDo.GET took 0ms. UserId: 0
15/03/2024 10:10:02 /login.POST took 32ms. UserId: unknown
15/03/2024 10:10:02 /users.GET took 0ms. UserId: 0
15/03/2024 10:10:05 /ToDo.GET took 0ms. UserId: 0
15/03/2024 10:10:13 /login.POST took 1ms. UserId: unknown
15/03/2024 10:10:13 /ToDo.GET took 0ms. UserId: 1
15/03/2024 10:10:13 /users.GET took 1ms. UserId: 1
15/03/2024 10:17:32 /users.GET took 148ms. UserId: 1
15/03/2024 10:17:32 /ToDo.GET took 156ms. UserId: 1
15/03/2024 10:17:38 /users.GET took 5ms. UserId: 1
15/03/2024 10:17:38 /ToDo.GET took 6ms. UserId: 1
15/03/2024 10:17:48 /login.POST took 30ms. UserId: unknown
15/03/2024 10:17:48 /users.GET took 0ms. UserId: 1
15/03/2024 10:17:48 /ToDo.GET took 0ms. UserId: 1
19/03/2024 10:58:42 /favicon.ico.GET took 44ms. UserId: unknown
19/03/2024 10:58:47 /login.POST took 112ms. UserId: unknown
19/03/2024 10:58:47 /users.GET took 53ms. UserId: 0
19/03/2024 10:58:47 /ToDo.GET took 54ms. UserId: 0
19/03/2024 10:59:08 /login.POST took 0ms. UserId: unknown
19/03/2024 10:59:08 /ToDo.GET took 2ms. UserId: 1
19/03/2024 10:59:08 /users.GET took 3ms. UserId: 1
19/03/2024 10:59:22 /login.POST took 0ms. UserId: unknown
19/03/2024 10:59:22 /users.GET took 0ms. UserId: 0
19/03/2024 11:00:16 /favicon.ico.GET took 33ms. UserId: unknown
19/03/2024 11:00:16 /ToDo.GET took 172ms. UserId: 0
19/03/2024 11:00:32 /users.GET took 172ms. UserId: 0
19/03/2024 11:00:45 /favicon.ico.GET took 0ms. UserId: unknown
19/03/2024 11:00:45 /ToDo.GET took 11ms. UserId: unknown
19/03/2024 11:01:07 /ToDo.GET took 0ms. UserId: 0
19/03/2024 11:01:43 /users.GET took 169ms. UserId: 0
19/03/2024 11:01:45 /users.GET took 3ms. UserId: 0
19/03/2024 11:01:46 /ToDo.GET took 0ms. UserId: 0
19/03/2024 11:05:19 /ToDo.GET took 163ms. UserId: 0
19/03/2024 11:05:23 /ToDo/0.DELETE took 18ms. UserId: 0
19/03/2024 11:05:23 /ToDo.GET took 0ms. UserId: 0
19/03/2024 11:05:24 /ToDo/3.DELETE took 1ms. UserId: 0
19/03/2024 11:05:24 /ToDo.GET took 0ms. UserId: 0
